--------------------------------------------------------------------------------
Release 14.7 Trace  (nt)
Copyright (c) 1995-2013 Xilinx, Inc.  All rights reserved.

E:\Software\Xilinx\14.7\ISE_DS\ISE\bin\nt\unwrapped\trce.exe -intstyle ise -o
mojo_top_0.twr -v 30 -l 30 mojo_top_0_routed.ncd mojo_top_0.pcf

Design file:              mojo_top_0_routed.ncd
Physical constraint file: mojo_top_0.pcf
Device,package,speed:     xc6slx9,tqg144,C,-2 (PRODUCTION 1.23 2013-10-13)
Report level:             verbose report, limited to 30 items per constraint

Environment Variable      Effect 
--------------------      ------ 
NONE                      No environment variables were set
--------------------------------------------------------------------------------

INFO:Timing:2698 - No timing constraints found, doing default enumeration.
INFO:Timing:3412 - To improve timing, see the Timing Closure User Guide (UG612).
INFO:Timing:2752 - To get complete path coverage, use the unconstrained paths 
   option. All paths that are not constrained will be reported in the 
   unconstrained paths section(s) of the report.
INFO:Timing:3339 - The clock-to-out numbers in this timing report are based on 
   a 50 Ohm transmission line loading model.  For the details of this model, 
   and for more information on accounting for different loading conditions, 
   please see the device datasheet.



Data Sheet report:
-----------------
All values displayed in nanoseconds (ns)

Pad to Pad
---------------+---------------+---------+
Source Pad     |Destination Pad|  Delay  |
---------------+---------------+---------+
io_dip[0]      |io_led[0]      |   10.297|
io_dip[0]      |io_led[1]      |   10.215|
io_dip[0]      |io_led[2]      |   11.501|
io_dip[0]      |io_led[3]      |   11.705|
io_dip[0]      |io_led[4]      |   11.753|
io_dip[0]      |io_led[5]      |   11.647|
io_dip[0]      |io_led[6]      |   12.153|
io_dip[0]      |io_led[7]      |   12.548|
io_dip[0]      |io_led[8]      |   12.223|
io_dip[1]      |io_led[1]      |   10.033|
io_dip[1]      |io_led[2]      |   11.387|
io_dip[1]      |io_led[3]      |   11.591|
io_dip[1]      |io_led[4]      |   11.634|
io_dip[1]      |io_led[5]      |   11.528|
io_dip[1]      |io_led[6]      |   12.034|
io_dip[1]      |io_led[7]      |   12.429|
io_dip[1]      |io_led[8]      |   12.104|
io_dip[2]      |io_led[2]      |   11.083|
io_dip[2]      |io_led[3]      |   11.280|
io_dip[2]      |io_led[4]      |   11.351|
io_dip[2]      |io_led[5]      |   11.245|
io_dip[2]      |io_led[6]      |   11.751|
io_dip[2]      |io_led[7]      |   12.146|
io_dip[2]      |io_led[8]      |   11.821|
io_dip[3]      |io_led[3]      |   12.043|
io_dip[3]      |io_led[4]      |   12.126|
io_dip[3]      |io_led[5]      |   12.020|
io_dip[3]      |io_led[6]      |   12.526|
io_dip[3]      |io_led[7]      |   12.921|
io_dip[3]      |io_led[8]      |   12.596|
io_dip[4]      |io_led[4]      |   11.338|
io_dip[4]      |io_led[5]      |   11.235|
io_dip[4]      |io_led[6]      |   11.846|
io_dip[4]      |io_led[7]      |   12.272|
io_dip[4]      |io_led[8]      |   11.950|
io_dip[5]      |io_led[5]      |   10.833|
io_dip[5]      |io_led[6]      |   11.569|
io_dip[5]      |io_led[7]      |   11.992|
io_dip[5]      |io_led[8]      |   11.694|
io_dip[6]      |io_led[6]      |   11.736|
io_dip[6]      |io_led[7]      |   12.155|
io_dip[6]      |io_led[8]      |   11.860|
io_dip[7]      |io_led[7]      |   12.537|
io_dip[7]      |io_led[8]      |   12.254|
io_dip[8]      |io_led[0]      |   10.042|
io_dip[8]      |io_led[1]      |    9.960|
io_dip[8]      |io_led[2]      |   11.246|
io_dip[8]      |io_led[3]      |   11.450|
io_dip[8]      |io_led[4]      |   11.494|
io_dip[8]      |io_led[5]      |   11.388|
io_dip[8]      |io_led[6]      |   11.894|
io_dip[8]      |io_led[7]      |   12.289|
io_dip[8]      |io_led[8]      |   11.964|
io_dip[9]      |io_led[1]      |    9.961|
io_dip[9]      |io_led[2]      |   11.315|
io_dip[9]      |io_led[3]      |   11.519|
io_dip[9]      |io_led[4]      |   11.562|
io_dip[9]      |io_led[5]      |   11.456|
io_dip[9]      |io_led[6]      |   11.962|
io_dip[9]      |io_led[7]      |   12.357|
io_dip[9]      |io_led[8]      |   12.032|
io_dip[10]     |io_led[2]      |   11.148|
io_dip[10]     |io_led[3]      |   11.345|
io_dip[10]     |io_led[4]      |   11.416|
io_dip[10]     |io_led[5]      |   11.310|
io_dip[10]     |io_led[6]      |   11.816|
io_dip[10]     |io_led[7]      |   12.211|
io_dip[10]     |io_led[8]      |   11.886|
io_dip[11]     |io_led[3]      |   11.047|
io_dip[11]     |io_led[4]      |   11.130|
io_dip[11]     |io_led[5]      |   11.024|
io_dip[11]     |io_led[6]      |   11.530|
io_dip[11]     |io_led[7]      |   11.925|
io_dip[11]     |io_led[8]      |   11.600|
io_dip[12]     |io_led[4]      |   10.842|
io_dip[12]     |io_led[5]      |   10.739|
io_dip[12]     |io_led[6]      |   11.350|
io_dip[12]     |io_led[7]      |   11.776|
io_dip[12]     |io_led[8]      |   11.454|
io_dip[13]     |io_led[5]      |   10.327|
io_dip[13]     |io_led[6]      |   11.006|
io_dip[13]     |io_led[7]      |   11.432|
io_dip[13]     |io_led[8]      |   11.109|
io_dip[14]     |io_led[6]      |   11.369|
io_dip[14]     |io_led[7]      |   11.788|
io_dip[14]     |io_led[8]      |   11.493|
io_dip[15]     |io_led[7]      |   11.527|
io_dip[15]     |io_led[8]      |   11.244|
---------------+---------------+---------+


Analysis completed Sun Sep 24 16:12:55 2017 
--------------------------------------------------------------------------------

Trace Settings:
-------------------------
Trace Settings 

Peak Memory Usage: 170 MB



