
*** Running ngdbuild
    with args -intstyle ise -p xc6slx9tqg144-2 -dd _ngo -uc "mojo_top_0.ucf" "mojo_top_0.edf"


Command Line: C:\Xilinx\14.7\ISE_DS\ISE\bin\nt64\unwrapped\ngdbuild.exe
-intstyle ise -p xc6slx9tqg144-2 -dd _ngo -uc mojo_top_0.ucf mojo_top_0.edf

Executing edif2ngd -quiet "mojo_top_0.edf" "_ngo\mojo_top_0.ngo"
Release 14.7 - edif2ngd P.20131013 (nt64)
Copyright (c) 1995-2013 Xilinx, Inc.  All rights reserved.
Reading NGO file
"C:/Users/Owner/Documents/GitHub/Mojo/1D_8bit_ALU/work/planAhead/1D_8bit_ALU/1D_
8bit_ALU.runs/impl_1/_ngo/mojo_top_0.ngo" ...
Gathering constraint information from source properties...
Done.

Annotating constraints to design from ucf file "mojo_top_0.ucf" ...
Resolving constraint associations...
Checking Constraint Associations...
Done...

Checking expanded design ...

Partition Implementation Status
-------------------------------

  No Partitions were found in this design.

-------------------------------

NGDBUILD Design Results Summary:
  Number of errors:     0
  Number of warnings:   0

Writing NGD file "mojo_top_0.ngd" ...
Total REAL time to NGDBUILD completion:  30 sec
Total CPU time to NGDBUILD completion:   14 sec

Writing NGDBUILD log file "mojo_top_0.bld"...

NGDBUILD done.

*** Running map
    with args -intstyle pa -w -pr b -mt on "mojo_top_0.ngd"

Using target part "6slx9tqg144-2".
INFO:Map:284 - Map is running with the multi-threading option on. Map currently
   supports the use of up to 2 processors. Based on the the user options and
   machine load, Map will use 2 processors during this run.
Mapping design into LUTs...
WARNING:MapLib:701 - Signal spi_channel[3] connected to top level port
   spi_channel(3) has been removed.
WARNING:MapLib:701 - Signal spi_channel[2] connected to top level port
   spi_channel(2) has been removed.
WARNING:MapLib:701 - Signal spi_channel[1] connected to top level port
   spi_channel(1) has been removed.
WARNING:MapLib:701 - Signal spi_channel[0] connected to top level port
   spi_channel(0) has been removed.
WARNING:MapLib:701 - Signal spi_miso connected to top level port spi_miso has
   been removed.
WARNING:MapLib:701 - Signal avr_rx connected to top level port avr_rx has been
   removed.
Running directed packing...
Running delay-based LUT packing...
Updating timing models...
INFO:Map:215 - The Interim Design Summary has been generated in the MAP Report
   (.mrp).
Running timing-driven placement...
Total REAL time at the beginning of Placer: 17 secs 
Total CPU  time at the beginning of Placer: 16 secs 

Phase 1.1  Initial Placement Analysis
Phase 1.1  Initial Placement Analysis (Checksum:e3087c09) REAL time: 18 secs 

Phase 2.7  Design Feasibility Check
INFO:Place:834 - Only a subset of IOs are locked. Out of 75 IOs, 65 are locked
   and 10 are not locked. If you would like to print the names of these IOs,
   please set the environment variable XIL_PAR_DESIGN_CHECK_VERBOSE to 1. 
Phase 2.7  Design Feasibility Check (Checksum:e3087c09) REAL time: 18 secs 

Phase 3.31  Local Placement Optimization
Phase 3.31  Local Placement Optimization (Checksum:e3087c09) REAL time: 18 secs 

Phase 4.2  Initial Placement for Architecture Specific Features
....
Phase 4.2  Initial Placement for Architecture Specific Features
(Checksum:7a3dcfdd) REAL time: 27 secs 

Phase 5.36  Local Placement Optimization
Phase 5.36  Local Placement Optimization (Checksum:7a3dcfdd) REAL time: 27 secs 

Phase 6.30  Global Clock Region Assignment
Phase 6.30  Global Clock Region Assignment (Checksum:7a3dcfdd) REAL time: 27 secs 

Phase 7.3  Local Placement Optimization
....
Phase 7.3  Local Placement Optimization (Checksum:b8efde5f) REAL time: 29 secs 

Phase 8.5  Local Placement Optimization
Phase 8.5  Local Placement Optimization (Checksum:809fe636) REAL time: 29 secs 

Phase 9.8  Global Placement
..............................
..............................
.......................................
..
Phase 9.8  Global Placement (Checksum:cd549c86) REAL time: 31 secs 

Phase 10.5  Local Placement Optimization
Phase 10.5  Local Placement Optimization (Checksum:cd549c86) REAL time: 31 secs 

Phase 11.18  Placement Optimization
Phase 11.18  Placement Optimization (Checksum:85713506) REAL time: 32 secs 

Phase 12.5  Local Placement Optimization
Phase 12.5  Local Placement Optimization (Checksum:85713506) REAL time: 32 secs 

Phase 13.34  Placement Validation
Phase 13.34  Placement Validation (Checksum:85713506) REAL time: 32 secs 

Total REAL time to Placer completion: 32 secs 
Total CPU  time to Placer completion: 31 secs 
Running post-placement packing...
Writing output files...

Design Summary:
Number of errors:      0
Number of warnings:    6
Slice Logic Utilization:
  Number of Slice Registers:                    36 out of  11,440    1%
    Number used as Flip Flops:                  36
    Number used as Latches:                      0
    Number used as Latch-thrus:                  0
    Number used as AND/OR logics:                0
  Number of Slice LUTs:                        164 out of   5,720    2%
    Number used as logic:                      163 out of   5,720    2%
      Number using O6 output only:             117
      Number using O5 output only:              23
      Number using O5 and O6:                   23
      Number used as ROM:                        0
    Number used as Memory:                       0 out of   1,440    0%
    Number used exclusively as route-thrus:      1
      Number with same-slice register load:      0
      Number with same-slice carry load:         1
      Number with other load:                    0

Slice Logic Distribution:
  Number of occupied Slices:                    58 out of   1,430    4%
  Number of MUXCYs used:                        36 out of   2,860    1%
  Number of LUT Flip Flop pairs used:          168
    Number with an unused Flip Flop:           146 out of     168   86%
    Number with an unused LUT:                   4 out of     168    2%
    Number of fully used LUT-FF pairs:          18 out of     168   10%
    Number of unique control sets:               4
    Number of slice register sites lost
      to control set restrictions:              20 out of  11,440    1%

  A LUT Flip Flop pair for this architecture represents one LUT paired with
  one Flip Flop within a slice.  A control set is a unique combination of
  clock, reset, set, and enable signals for a registered element.
  The Slice Logic Distribution report is not meaningful if the design is
  over-mapped for a non-slice resource or if Placement fails.

IO Utilization:
  Number of bonded IOBs:                        75 out of     102   73%
    Number of LOCed IOBs:                       65 out of      75   86%

Specific Feature Utilization:
  Number of RAMB16BWERs:                         0 out of      32    0%
  Number of RAMB8BWERs:                          0 out of      64    0%
  Number of BUFIO2/BUFIO2_2CLKs:                 0 out of      32    0%
  Number of BUFIO2FB/BUFIO2FB_2CLKs:             0 out of      32    0%
  Number of BUFG/BUFGMUXs:                       1 out of      16    6%
    Number used as BUFGs:                        1
    Number used as BUFGMUX:                      0
  Number of DCM/DCM_CLKGENs:                     0 out of       4    0%
  Number of ILOGIC2/ISERDES2s:                   0 out of     200    0%
  Number of IODELAY2/IODRP2/IODRP2_MCBs:         0 out of     200    0%
  Number of OLOGIC2/OSERDES2s:                   0 out of     200    0%
  Number of BSCANs:                              0 out of       4    0%
  Number of BUFHs:                               0 out of     128    0%
  Number of BUFPLLs:                             0 out of       8    0%
  Number of BUFPLL_MCBs:                         0 out of       4    0%
  Number of DSP48A1s:                            1 out of      16    6%
  Number of ICAPs:                               0 out of       1    0%
  Number of MCBs:                                0 out of       2    0%
  Number of PCILOGICSEs:                         0 out of       2    0%
  Number of PLL_ADVs:                            0 out of       2    0%
  Number of PMVs:                                0 out of       1    0%
  Number of STARTUPs:                            0 out of       1    0%
  Number of SUSPEND_SYNCs:                       0 out of       1    0%

Average Fanout of Non-Clock Nets:                3.53

Peak Memory Usage:  394 MB
Total REAL time to MAP completion:  34 secs 
Total CPU time to MAP completion (all processors):   32 secs 

Mapping completed.
See MAP report file "mojo_top_0.mrp" for details.

*** Running par
    with args -intstyle pa "mojo_top_0.ncd" -w "mojo_top_0_routed.ncd" -mt on




Constraints file: mojo_top_0.pcf.
Loading device for application Rf_Device from file '6slx9.nph' in environment C:\Xilinx\14.7\ISE_DS\ISE\.
   "mojo_top_0" is an NCD, version 3.2, device xc6slx9, package tqg144, speed -2

Initializing temperature to 85.000 Celsius. (default - Range: 0.000 to 85.000 Celsius)
Initializing voltage to 1.140 Volts. (default - Range: 1.140 to 1.260 Volts)

INFO:Par:282 - No user timing constraints were detected or you have set the option to ignore timing constraints ("par
   -x"). Place and Route will run in "Performance Evaluation Mode" to automatically improve the performance of all
   internal clocks in this design. Because there are not defined timing requirements, a timing score will not be
   reported in the PAR report in this mode. The PAR timing summary will list the performance achieved for each clock.
   Note: For the fastest runtime, set the effort level to "std".  For best performance, set the effort level to "high".

Device speed data version:  "PRODUCTION 1.23 2013-10-13".



Device Utilization Summary:

Slice Logic Utilization:
  Number of Slice Registers:                    36 out of  11,440    1%
    Number used as Flip Flops:                  36
    Number used as Latches:                      0
    Number used as Latch-thrus:                  0
    Number used as AND/OR logics:                0
  Number of Slice LUTs:                        164 out of   5,720    2%
    Number used as logic:                      163 out of   5,720    2%
      Number using O6 output only:             117
      Number using O5 output only:              23
      Number using O5 and O6:                   23
      Number used as ROM:                        0
    Number used as Memory:                       0 out of   1,440    0%
    Number used exclusively as route-thrus:      1
      Number with same-slice register load:      0
      Number with same-slice carry load:         1
      Number with other load:                    0

Slice Logic Distribution:
  Number of occupied Slices:                    58 out of   1,430    4%
  Number of MUXCYs used:                        36 out of   2,860    1%
  Number of LUT Flip Flop pairs used:          168
    Number with an unused Flip Flop:           146 out of     168   86%
    Number with an unused LUT:                   4 out of     168    2%
    Number of fully used LUT-FF pairs:          18 out of     168   10%
    Number of slice register sites lost
      to control set restrictions:               0 out of  11,440    0%

  A LUT Flip Flop pair for this architecture represents one LUT paired with
  one Flip Flop within a slice.  A control set is a unique combination of
  clock, reset, set, and enable signals for a registered element.
  The Slice Logic Distribution report is not meaningful if the design is
  over-mapped for a non-slice resource or if Placement fails.

IO Utilization:
  Number of bonded IOBs:                        75 out of     102   73%
    Number of LOCed IOBs:                       65 out of      75   86%

Specific Feature Utilization:
  Number of RAMB16BWERs:                         0 out of      32    0%
  Number of RAMB8BWERs:                          0 out of      64    0%
  Number of BUFIO2/BUFIO2_2CLKs:                 0 out of      32    0%
  Number of BUFIO2FB/BUFIO2FB_2CLKs:             0 out of      32    0%
  Number of BUFG/BUFGMUXs:                       1 out of      16    6%
    Number used as BUFGs:                        1
    Number used as BUFGMUX:                      0
  Number of DCM/DCM_CLKGENs:                     0 out of       4    0%
  Number of ILOGIC2/ISERDES2s:                   0 out of     200    0%
  Number of IODELAY2/IODRP2/IODRP2_MCBs:         0 out of     200    0%
  Number of OLOGIC2/OSERDES2s:                   0 out of     200    0%
  Number of BSCANs:                              0 out of       4    0%
  Number of BUFHs:                               0 out of     128    0%
  Number of BUFPLLs:                             0 out of       8    0%
  Number of BUFPLL_MCBs:                         0 out of       4    0%
  Number of DSP48A1s:                            1 out of      16    6%
  Number of ICAPs:                               0 out of       1    0%
  Number of MCBs:                                0 out of       2    0%
  Number of PCILOGICSEs:                         0 out of       2    0%
  Number of PLL_ADVs:                            0 out of       2    0%
  Number of PMVs:                                0 out of       1    0%
  Number of STARTUPs:                            0 out of       1    0%
  Number of SUSPEND_SYNCs:                       0 out of       1    0%


Overall effort level (-ol):   Standard 
Router effort level (-rl):    High 

WARNING:Par:545 - Multi-threading ("-mt" option) is not supported for the Performance Evaluation Mode. PAR will use only one processor.

Starting initial Timing Analysis.  REAL time: 13 secs 
Finished initial Timing Analysis.  REAL time: 13 secs 

WARNING:Par:288 - The signal io_dip(22)_IBUF has no load.  PAR will not attempt to route this signal.
WARNING:Par:288 - The signal io_button(0)_IBUF has no load.  PAR will not attempt to route this signal.
WARNING:Par:288 - The signal io_button(1)_IBUF has no load.  PAR will not attempt to route this signal.
WARNING:Par:288 - The signal io_button(2)_IBUF has no load.  PAR will not attempt to route this signal.
WARNING:Par:288 - The signal io_button(3)_IBUF has no load.  PAR will not attempt to route this signal.
WARNING:Par:288 - The signal io_button(4)_IBUF has no load.  PAR will not attempt to route this signal.
Starting Router


Phase  1  : 995 unrouted;      REAL time: 13 secs 

Phase  2  : 825 unrouted;      REAL time: 14 secs 

Phase  3  : 398 unrouted;      REAL time: 15 secs 

Phase  4  : 398 unrouted; (Par is working to improve performance)     REAL time: 17 secs 

Updating file: mojo_top_0_routed.ncd with current fully routed design.

Phase  5  : 0 unrouted; (Par is working to improve performance)     REAL time: 18 secs 

Phase  6  : 0 unrouted; (Par is working to improve performance)     REAL time: 18 secs 

Phase  7  : 0 unrouted; (Par is working to improve performance)     REAL time: 18 secs 

Phase  8  : 0 unrouted; (Par is working to improve performance)     REAL time: 18 secs 

Phase  9  : 0 unrouted; (Par is working to improve performance)     REAL time: 18 secs 

Phase 10  : 0 unrouted; (Par is working to improve performance)     REAL time: 19 secs 
Total REAL time to Router completion: 19 secs 
Total CPU time to Router completion: 18 secs 

Partition Implementation Status
-------------------------------

  No Partitions were found in this design.

-------------------------------

Generating "PAR" statistics.
INFO:Par:459 - The Clock Report is not displayed in the non timing-driven mode.
Timing Score: 0 (Setup: 0, Hold: 0)

Asterisk (*) preceding a constraint indicates it was not met.
   This may be due to a setup or hold violation.

----------------------------------------------------------------------------------------------------------
  Constraint                                |    Check    | Worst Case |  Best Case | Timing |   Timing   
                                            |             |    Slack   | Achievable | Errors |    Score   
----------------------------------------------------------------------------------------------------------
  Autotimespec constraint for clock net clk | SETUP       |         N/A|    12.643ns|     N/A|           0
  _BUFGP                                    | HOLD        |     0.420ns|            |       0|           0
----------------------------------------------------------------------------------------------------------


All constraints were met.
INFO:Timing:2761 - N/A entries in the Constraints List may indicate that the 
   constraint is not analyzed due to the following: No paths covered by this 
   constraint; Other constraints intersect with this constraint; or This 
   constraint was disabled by a Path Tracing Control. Please run the Timespec 
   Interaction Report (TSI) via command line (trce tsi) or Timing Analyzer GUI.


Generating Pad Report.

All signals are completely routed.

WARNING:Par:283 - There are 6 loadless signals in this design. This design will cause Bitgen to issue DRC warnings.

Total REAL time to PAR completion: 20 secs 
Total CPU time to PAR completion: 19 secs 

Peak Memory Usage:  342 MB

Placer: Placement generated during map.
Routing: Completed - No errors found.

Number of error messages: 0
Number of warning messages: 9
Number of info messages: 2

Writing design to file mojo_top_0_routed.ncd



PAR done!

*** Running trce
    with args -intstyle ise -o "mojo_top_0.twr" -v 30 -l 30 "mojo_top_0_routed.ncd" "mojo_top_0.pcf"

Loading device for application Rf_Device from file '6slx9.nph' in environment
C:\Xilinx\14.7\ISE_DS\ISE\.
   "mojo_top_0" is an NCD, version 3.2, device xc6slx9, package tqg144, speed -2

Analysis completed Wed Oct 18 22:26:56 2017
--------------------------------------------------------------------------------

Generating Report ...

Number of warnings: 0
Total time: 12 secs 

*** Running xdl
    with args -secure -ncd2xdl -nopips "mojo_top_0_routed.ncd" "mojo_top_0_routed.xdl"

Release 14.7 - xdl P.20131013 (nt64)
Copyright (c) 1995-2013 Xilinx, Inc.  All rights reserved.

WARNING:XDL:213 - The resulting xdl output will not have LUT equation strings or RAM INIT strings.
Loading device for application Rf_Device from file '6slx9.nph' in environment C:\Xilinx\14.7\ISE_DS\ISE\.
   "mojo_top_0" is an NCD, version 3.2, device xc6slx9, package tqg144, speed -2
Successfully converted design 'mojo_top_0_routed.ncd' to 'mojo_top_0_routed.xdl'.

*** Running bitgen
    with args "mojo_top_0_routed.ncd" "mojo_top_0.bit" "mojo_top_0.pcf" -g Binary:Yes -g Compress -w -intstyle pa

